2025-12-06 22:02:52,292 INFO Goose Operator v0.3.0 (Policy Router) – Starting...
2025-12-06 22:02:52,293 INFO Intercepted Prompt: Visualize this hot cocoa tournament data: 
    ROU...
2025-12-06 22:02:52,294 INFO Enforcing Policy: cocoa-policy.yaml
2025-12-06 22:04:04,435 INFO CLI run complete.
2025-12-07 14:35:39,996 INFO Goose Operator v0.3.0 (Policy Router) – Starting...
2025-12-07 14:35:39,998 INFO Intercepted Prompt: Visualize this hot cocoa tournament data: 
ROUND 1...
2025-12-07 14:35:39,998 INFO Enforcing Policy: cocoa-policy.yaml
2025-12-07 14:36:13,981 INFO CLI run complete.
2025-12-07 14:39:11,890 INFO Goose Operator v0.3.0 (Policy Router) – Starting...
2025-12-07 14:39:11,891 INFO Intercepted Prompt: Visualize this hot cocoa tournament data: 
ROUND 1...
2025-12-07 14:39:11,892 INFO Enforcing Policy: cocoa-policy.yaml
2025-12-07 14:39:47,960 INFO CLI run complete.
2025-12-07 14:49:57,300 INFO Goose Operator v0.3.0 (Policy Router) – Starting...
2025-12-07 14:49:57,301 INFO Intercepted Prompt: Visualize this hot cocoa tournament data: 
ROUND 1...
2025-12-07 14:49:57,301 INFO Enforcing Policy: cocoa-policy.yaml
2025-12-07 14:51:12,159 INFO CLI run complete.
